TN:
SF:service/stringHandlers.js
FN:2,convertCurl
FN:11,parseCurl
FN:20,getVerbAndUrl
FN:42,getHeaders
FN:56,getBody
FN:70,getQueryString
FN:76,(anonymous_6)
FN:85,removeQueryString
FN:91,cypressObjectAdapter
FN:93,(anonymous_9)
FN:116,objectToCyRequest
FNF:11
FNH:5
FNDA:0,convertCurl
FNDA:0,parseCurl
FNDA:4,getVerbAndUrl
FNDA:3,getHeaders
FNDA:0,getBody
FNDA:2,getQueryString
FNDA:2,(anonymous_6)
FNDA:1,removeQueryString
FNDA:0,cypressObjectAdapter
FNDA:0,(anonymous_9)
FNDA:0,objectToCyRequest
DA:4,0
DA:5,0
DA:6,0
DA:8,0
DA:13,0
DA:14,0
DA:15,0
DA:17,0
DA:22,4
DA:23,4
DA:26,4
DA:28,4
DA:29,2
DA:30,2
DA:33,2
DA:34,2
DA:38,4
DA:44,3
DA:45,3
DA:48,3
DA:49,4
DA:52,3
DA:58,0
DA:60,0
DA:61,0
DA:62,0
DA:63,0
DA:66,0
DA:71,2
DA:72,2
DA:73,2
DA:75,2
DA:76,1
DA:77,2
DA:78,2
DA:82,2
DA:87,1
DA:88,1
DA:92,0
DA:93,0
DA:94,0
DA:95,0
DA:97,0
DA:99,0
DA:100,0
DA:102,0
DA:103,0
DA:104,0
DA:105,0
DA:107,0
DA:118,0
DA:121,0
DA:122,0
DA:125,0
DA:126,0
DA:127,0
DA:128,0
DA:130,0
DA:134,0
DA:135,0
DA:136,0
DA:137,0
DA:139,0
DA:143,0
DA:144,0
DA:146,0
DA:147,0
DA:148,0
DA:151,0
DA:155,0
DA:159,0
LF:71
LH:24
BRDA:26,0,0,2
BRDA:26,0,1,2
BRDA:28,1,0,2
BRDA:28,1,1,2
BRDA:62,2,0,0
BRDA:62,2,1,0
BRDA:75,3,0,1
BRDA:75,3,1,1
BRDA:75,4,0,2
BRDA:75,4,1,1
BRDA:102,5,0,0
BRDA:102,5,1,0
BRDA:103,6,0,0
BRDA:103,6,1,0
BRDA:104,7,0,0
BRDA:104,7,1,0
BRDA:105,8,0,0
BRDA:105,8,1,0
BRDA:125,9,0,0
BRDA:125,9,1,0
BRDA:134,10,0,0
BRDA:134,10,1,0
BRDA:143,11,0,0
BRDA:143,11,1,0
BRF:24
BRH:8
end_of_record
